<?xml version="1.0" encoding="UTF-8"?>
<!-- Generated by org.testng.reporters.JUnitXMLReporter -->
<testsuite hostname="Infinity" name="Regression2" tests="5" failures="1" timestamp="25 Oct 2017 18:07:11 GMT" time="30.09" errors="0">
  <testcase name="loginTest" time="8.449" classname="firstHomeWork.LoginTest"/>
  <testcase name="loginTest" time="7.089" classname="firstHomeWork.LoginTest"/>
  <testcase name="loginTest" time="6.664" classname="firstHomeWork.LoginTest"/>
  <testcase name="testIncorrectDataForLogging" time="2.99" classname="firstHomeWork.LoginTest">
    <failure type="java.lang.AssertionError" message="
Expected: a string containing &amp;quot;НЕВЕРНЫЙ ПАРОЛЬ&amp;quot;
     but: was &amp;quot;ТАКОГО РАБОТНИКА НЕТ ИЛИ ПАРОЛЬ УКАЗАН НЕВЕРНО.&amp;quot;">
      <![CDATA[java.lang.AssertionError: 
Expected: a string containing "НЕВЕРНЫЙ ПАРОЛЬ"
     but: was "ТАКОГО РАБОТНИКА НЕТ ИЛИ ПАРОЛЬ УКАЗАН НЕВЕРНО."
	at org.hamcrest.MatcherAssert.assertThat(MatcherAssert.java:20)
	at org.hamcrest.MatcherAssert.assertThat(MatcherAssert.java:8)
	at utilsAndHelpers.HelpersMethod.assertContains(HelpersMethod.java:100)
	at firstHomeWork.LoginMethod.testIncorrectDataForLogging(LoginMethod.java:36)
	at firstHomeWork.LoginTest.testIncorrectDataForLogging(LoginTest.java:41)
	at org.apache.maven.surefire.testng.TestNGExecutor.run(TestNGExecutor.java:283)
	at org.apache.maven.surefire.testng.TestNGXmlTestSuite.execute(TestNGXmlTestSuite.java:75)
	at org.apache.maven.surefire.testng.TestNGProvider.invoke(TestNGProvider.java:120)
	at org.apache.maven.surefire.booter.ForkedBooter.invokeProviderInSameClassLoader(ForkedBooter.java:373)
	at org.apache.maven.surefire.booter.ForkedBooter.runSuitesInProcess(ForkedBooter.java:334)
	at org.apache.maven.surefire.booter.ForkedBooter.execute(ForkedBooter.java:119)
	at org.apache.maven.surefire.booter.ForkedBooter.main(ForkedBooter.java:407)
... Removed 21 stack frames]]>
    </failure>
  </testcase> <!-- testIncorrectDataForLogging -->
  <testcase name="testIncorrectDataForLogging" time="2.93" classname="firstHomeWork.LoginTest"/>
</testsuite> <!-- Regression2 -->
